2022-09-28 15:06:15,968 INFO o.a.j.u.JMeterUtils: Setting Locale to zh_CN
2022-09-28 15:06:15,990 INFO o.a.j.JMeter: Loading user properties from: user.properties
2022-09-28 15:06:15,990 INFO o.a.j.JMeter: Loading system properties from: system.properties
2022-09-28 15:06:15,991 INFO o.a.j.JMeter: Setting JMeter property: jmeter.save.saveservice.output_format=xml
2022-09-28 15:06:15,995 INFO o.a.j.JMeter: Copyright (c) 1998-2019 The Apache Software Foundation
2022-09-28 15:06:15,995 INFO o.a.j.JMeter: Version 5.1.1 r1855137
2022-09-28 15:06:15,995 INFO o.a.j.JMeter: java.version=1.8.0_144
2022-09-28 15:06:15,995 INFO o.a.j.JMeter: java.vm.name=Java HotSpot(TM) 64-Bit Server VM
2022-09-28 15:06:15,995 INFO o.a.j.JMeter: os.name=Windows 10
2022-09-28 15:06:15,995 INFO o.a.j.JMeter: os.arch=amd64
2022-09-28 15:06:15,995 INFO o.a.j.JMeter: os.version=10.0
2022-09-28 15:06:15,995 INFO o.a.j.JMeter: file.encoding=GBK
2022-09-28 15:06:15,996 INFO o.a.j.JMeter: java.awt.headless=true
2022-09-28 15:06:15,996 INFO o.a.j.JMeter: Max memory     =2844786688
2022-09-28 15:06:15,996 INFO o.a.j.JMeter: Available Processors =4
2022-09-28 15:06:16,001 INFO o.a.j.JMeter: Default Locale=中文 (中国)
2022-09-28 15:06:16,001 INFO o.a.j.JMeter: JMeter  Locale=中文 (中国)
2022-09-28 15:06:16,001 INFO o.a.j.JMeter: JMeterHome=E:\软件工具\apache-jmeter-5.1.1\apache-jmeter-5.1.1
2022-09-28 15:06:16,002 INFO o.a.j.JMeter: user.dir  =E:\软件工具\apache-jmeter-5.1.1\apache-jmeter-5.1.1\bin
2022-09-28 15:06:16,002 INFO o.a.j.JMeter: PWD       =E:\软件工具\apache-jmeter-5.1.1\apache-jmeter-5.1.1\bin
2022-09-28 15:06:25,095 INFO o.a.j.JMeter: IP: 169.254.168.172 Name: DESKTOP-GJB8D45 FullName: DESKTOP-GJB8D45
2022-09-28 15:06:25,098 INFO o.a.j.s.FileServer: Default base='E:\软件工具\apache-jmeter-5.1.1\apache-jmeter-5.1.1\bin'
2022-09-28 15:06:25,103 INFO o.a.j.s.FileServer: Set new base='E:\软件工具\apache-jmeter-5.1.1\apache-jmeter-5.1.1\bin'
2022-09-28 15:06:25,235 INFO o.a.j.s.SaveService: Testplan (JMX) version: 2.2. Testlog (JTL) version: 2.2
2022-09-28 15:06:25,250 INFO o.a.j.s.SaveService: Using SaveService properties file encoding UTF-8
2022-09-28 15:06:25,256 INFO o.a.j.s.SaveService: Using SaveService properties version 5.0
2022-09-28 15:06:25,262 INFO o.a.j.s.SaveService: Loading file: E:\软件工具\apache-jmeter-5.1.1\apache-jmeter-5.1.1\bin\虚拟训练系统.jmx
2022-09-28 15:06:25,296 INFO o.a.j.p.h.c.CookieManager: Settings: Delete null: true Check: true Allow variable: true Save: false Prefix: COOKIE_
2022-09-28 15:06:25,358 INFO o.a.j.p.h.s.HTTPSamplerBase: Parser for text/html is org.apache.jmeter.protocol.http.parser.LagartoBasedHtmlParser
2022-09-28 15:06:25,358 INFO o.a.j.p.h.s.HTTPSamplerBase: Parser for application/xhtml+xml is org.apache.jmeter.protocol.http.parser.LagartoBasedHtmlParser
2022-09-28 15:06:25,358 INFO o.a.j.p.h.s.HTTPSamplerBase: Parser for application/xml is org.apache.jmeter.protocol.http.parser.LagartoBasedHtmlParser
2022-09-28 15:06:25,358 INFO o.a.j.p.h.s.HTTPSamplerBase: Parser for text/xml is org.apache.jmeter.protocol.http.parser.LagartoBasedHtmlParser
2022-09-28 15:06:25,358 INFO o.a.j.p.h.s.HTTPSamplerBase: Parser for text/vnd.wap.wml is org.apache.jmeter.protocol.http.parser.RegexpHTMLParser
2022-09-28 15:06:25,358 INFO o.a.j.p.h.s.HTTPSamplerBase: Parser for text/css is org.apache.jmeter.protocol.http.parser.CssParser
2022-09-28 15:06:25,429 INFO o.a.j.JMeter: Creating summariser <summary>
2022-09-28 15:06:25,433 INFO o.a.j.e.StandardJMeterEngine: Running the test!
2022-09-28 15:06:25,434 INFO o.a.j.s.SampleEvent: List of sample_variables: []
2022-09-28 15:06:25,434 INFO o.a.j.s.SampleEvent: List of sample_variables: []
2022-09-28 15:06:25,443 INFO o.a.j.e.u.CompoundVariable: Note: Function class names must contain the string: '.functions.'
2022-09-28 15:06:25,443 INFO o.a.j.e.u.CompoundVariable: Note: Function class names must not contain the string: '.gui.'
2022-09-28 15:06:25,819 INFO o.a.j.JMeter: 正在运行的测试 (1664348785819)
2022-09-28 15:06:25,876 INFO o.a.j.e.StandardJMeterEngine: Starting ThreadGroup: 1 : 虚拟训练系统
2022-09-28 15:06:25,876 INFO o.a.j.e.StandardJMeterEngine: Starting 1 threads for group 虚拟训练系统.
2022-09-28 15:06:25,876 INFO o.a.j.e.StandardJMeterEngine: Thread will continue on error
2022-09-28 15:06:25,876 INFO o.a.j.t.ThreadGroup: Starting thread group... number=1 threads=1 ramp-up=1 delayedStart=false
2022-09-28 15:06:25,880 INFO o.a.j.t.ThreadGroup: Started thread group number 1
2022-09-28 15:06:25,880 INFO o.a.j.e.StandardJMeterEngine: All thread groups have been started
2022-09-28 15:06:25,924 INFO o.a.j.t.JMeterThread: Thread started: 虚拟训练系统 1-1
2022-09-28 15:06:25,925 INFO o.a.j.s.FileServer: Stored: E:\软件工具\apache-jmeter-5.1.1\apache-jmeter-5.1.1\csvtest.dat
2022-09-28 15:06:25,936 INFO o.a.j.p.h.s.HTTPJavaImpl: Maximum connection retries = 0
2022-09-28 15:06:25,937 INFO o.a.j.s.SampleResult: Note: Sample TimeStamps are START times
2022-09-28 15:06:25,937 INFO o.a.j.s.SampleResult: sampleresult.default.encoding is set to utf-8
2022-09-28 15:06:25,937 INFO o.a.j.s.SampleResult: sampleresult.useNanoTime=true
2022-09-28 15:06:25,937 INFO o.a.j.s.SampleResult: sampleresult.nanoThreadSleep=5000
2022-09-28 15:06:26,143 INFO o.a.j.p.h.s.HTTPHCAbstractImpl: Local host = DESKTOP-GJB8D45
2022-09-28 15:06:26,153 INFO o.a.j.p.h.s.HTTPHC4Impl: HTTP request retry count = 0
2022-09-28 15:06:26,260 INFO o.a.j.t.JMeterThread: Thread is done: 虚拟训练系统 1-1
2022-09-28 15:06:26,260 INFO o.a.j.t.JMeterThread: Thread finished: 虚拟训练系统 1-1
2022-09-28 15:06:26,260 INFO o.a.j.e.StandardJMeterEngine: Notifying test listeners of end of test
2022-09-28 15:06:26,261 INFO o.a.j.s.FileServer: Close: E:\软件工具\apache-jmeter-5.1.1\apache-jmeter-5.1.1\csvtest.dat
2022-09-28 15:06:26,262 INFO o.a.j.r.Summariser: summary =      2 in 00:00:00 =    4.5/s Avg:    95 Min:    48 Max:   143 Err:     0 (0.00%)
